<?xml version="1.0" encoding="UTF-8"?>
<!-- Generated by org.testng.reporters.JUnitXMLReporter -->
<testsuite hostname="EPUALVIW0912" ignored="0" name="Package with subpackages" tests="1" failures="1" timestamp="12 Jan 2018 17:44:46 GMT" time="8.315" errors="0">
  <testcase name="checkScoringWithPostRequestWithValidAllData" time="2.91" classname="organizationstest.ScoringStatusTestSuit">
    <failure type="java.lang.AssertionError" message="expected [seems that we doesn`t recieved token, or it is not correct] but found [false]">
      <![CDATA[java.lang.AssertionError: expected [seems that we doesn`t recieved token, or it is not correct] but found [false]at testdata.asserts.ScoringStatusAsserts.assertResponse(ScoringStatusAsserts.java:14)at organizationstest.ScoringStatusTestSuit.checkScoringWithPostRequestWithValidAllData(ScoringStatusTestSuit.java:44)... Removed 34 stack frames]]>
    </failure>
  </testcase> <!-- checkScoringWithPostRequestWithValidAllData -->
</testsuite> <!-- Package with subpackages -->
