<?xml version="1.0" encoding="UTF-8"?>
<testsuite xmlns:xsi="http://www.w3.org/2001/XMLSchema-instance" xsi:noNamespaceSchemaLocation="https://maven.apache.org/surefire/maven-surefire-plugin/xsd/surefire-test-report.xsd" name="TestSuite" time="9.96" tests="1" errors="0" skipped="0" failures="1">
  <properties>
[...]
</properties>
  <testcase name="checkScoringWithPostRequestWithValidAllData" classname="organizationstest.ScoringStatusTestSuit" time="3.231">
    <failure message="expected [seems that we doesn`t recieved token, or it is not correct] but found [false]" type="java.lang.AssertionError">java.lang.AssertionError: expected [seems that we doesn`t recieved token, or it is not correct] but found [false]
	at organizationstest.ScoringStatusTestSuit.checkScoringWithPostRequestWithValidAllData(ScoringStatusTestSuit.java:44)
</failure>
    <system-out><![CDATA[2018-01-12 19:44:42 INFO  Log:16 - ***************** Testing started! *****************
2018-01-12 19:44:43 INFO  Log:16 - ----------------- Test: checkScoringWithPostRequestWithValidAllData started! -----------------
2018-01-12 19:44:43 INFO  ScoringStatusTestSuit:35 - {
  "organizationUris" : [ "http://feed.thomsonreuters.com/1-4297034757" ],
  "weights" : {
    "businessPartnership" : 0.9,
    "competitor" : 0.9,
    "ownership" : 0.9,
    "supplier" : 0.9
  }
}
HTTP/1.1 200 OK
Date: Fri, 12 Jan 2018 17:44:45 GMT
Content-Type: text/html;charset=ISO-8859-1
Content-Length: 16
Connection: keep-alive
Server: Apache-Coyote/1.1
X-Content-Type-Options: nosniff
X-XSS-Protection: 1; mode=block
Cache-Control: no-cache, no-store, max-age=0, must-revalidate
Pragma: no-cache
Expires: 0
X-Frame-Options: DENY

<html>
  <body>nI43KTop04l1JpFr</body>
</html>
nI43KTop04l1JpFr
HTTP/1.1 200 OK
Date: Fri, 12 Jan 2018 17:44:46 GMT
Content-Type: application/json;charset=UTF-8
Transfer-Encoding: chunked
Connection: keep-alive
Server: Apache-Coyote/1.1
X-Content-Type-Options: nosniff
X-XSS-Protection: 1; mode=block
Cache-Control: no-cache, no-store, max-age=0, must-revalidate
Pragma: no-cache
Expires: 0
X-Frame-Options: DENY

{
    "scoreToken": "nI43KTop04l1JpFr",
    "launched": true,
    "progress": 0.99
}
{"scoreToken":"nI43KTop04l1JpFr","launched":true,"progress":0.99}
2018-01-12 19:44:46 INFO  Log:16 - ----------------- Ended successfully -----------------
2018-01-12 19:44:46 INFO  Log:16 - ================= Test: checkScoringWithPostRequestWithValidAllData FAILED! =================
]]></system-out>
    <system-err><![CDATA[SLF4J: Failed to load class "org.slf4j.impl.StaticLoggerBinder".
SLF4J: Defaulting to no-operation (NOP) logger implementation
SLF4J: See http://www.slf4j.org/codes.html#StaticLoggerBinder for further details.
]]></system-err>
  </testcase>
</testsuite>